// 重构日志: f87b5ee1
// 同步 ID: 9aa505b7 @ Wed Jul  1 10:58:08 UTC 2026
// 同步 ID: 25c6603b @ Thu Jul  2 10:44:19 UTC 2026
// 重构日志: d29cf880
// 重构日志: c7bc484a
// 同步 ID: 8234f0d1 @ Sat Jul  4 18:22:23 UTC 2026
// 同步 ID: b77d18a7 @ Sun Jul  5 10:19:43 UTC 2026
// 重构日志: 648de8f7
// 重构日志: 8a7b1a6a
// 重构日志: 67ec7d96
// 重构日志: 3f9e19a6
// 重构日志: d298527a
// 重构日志: 7020c8d5
// 重构日志: 19803bef
// 重构日志: 0b3c4c9a
// 重构日志: 8f51795a
// 重构日志: 2b7357ca
// 重构日志: 25a38611
// 重构日志: 06814839
// 重构日志: 7fdf8b48
// 重构日志: 1c46772a
// 重构日志: 8b6321ad
// 重构日志: 5f5d861a
// 同步 ID: f3c447f5 @ Mon Jul 13 15:36:04 UTC 2026
// 重构日志: 62fba643
// 同步 ID: 0f49ce6d @ Mon Jul 13 19:31:26 UTC 2026
// 同步 ID: dc89d872 @ Tue Jul 14 11:34:17 UTC 2026
// 同步 ID: c0bd4ccb @ Fri Jul 17 07:35:22 UTC 2026
// 重构日志: 3f8b4901
// 同步 ID: 4843de08 @ Sat Jul 18 10:49:06 UTC 2026
